mode: set
github.com/kubeflow/pipelines/backend/src/agent/persistence/client/pipeline_client.go:58.61,62.16 4 0
github.com/kubeflow/pipelines/backend/src/agent/persistence/client/pipeline_client.go:62.16,65.3 1 0
github.com/kubeflow/pipelines/backend/src/agent/persistence/client/pipeline_client.go:66.2,67.16 2 0
github.com/kubeflow/pipelines/backend/src/agent/persistence/client/pipeline_client.go:67.16,70.3 1 0
github.com/kubeflow/pipelines/backend/src/agent/persistence/client/pipeline_client.go:72.2,78.8 1 0
github.com/kubeflow/pipelines/backend/src/agent/persistence/client/pipeline_client.go:81.76,93.16 6 0
github.com/kubeflow/pipelines/backend/src/agent/persistence/client/pipeline_client.go:93.16,95.88 2 0
github.com/kubeflow/pipelines/backend/src/agent/persistence/client/pipeline_client.go:95.88,105.4 1 0
github.com/kubeflow/pipelines/backend/src/agent/persistence/client/pipeline_client.go:105.9,105.126 1 0
github.com/kubeflow/pipelines/backend/src/agent/persistence/client/pipeline_client.go:105.126,114.4 2 0
github.com/kubeflow/pipelines/backend/src/agent/persistence/client/pipeline_client.go:114.9,122.4 1 0
github.com/kubeflow/pipelines/backend/src/agent/persistence/client/pipeline_client.go:124.2,124.12 1 0
github.com/kubeflow/pipelines/backend/src/agent/persistence/client/pipeline_client.go:127.85,140.16 6 0
github.com/kubeflow/pipelines/backend/src/agent/persistence/client/pipeline_client.go:140.16,142.49 2 0
github.com/kubeflow/pipelines/backend/src/agent/persistence/client/pipeline_client.go:142.49,150.4 1 0
github.com/kubeflow/pipelines/backend/src/agent/persistence/client/pipeline_client.go:150.9,150.126 1 0
github.com/kubeflow/pipelines/backend/src/agent/persistence/client/pipeline_client.go:150.126,159.4 2 0
github.com/kubeflow/pipelines/backend/src/agent/persistence/client/pipeline_client.go:159.9,167.4 1 0
github.com/kubeflow/pipelines/backend/src/agent/persistence/client/pipeline_client.go:169.2,169.12 1 0
github.com/kubeflow/pipelines/backend/src/agent/persistence/client/pipeline_client.go:174.108,183.16 6 0
github.com/kubeflow/pipelines/backend/src/agent/persistence/client/pipeline_client.go:183.16,185.119 2 0
github.com/kubeflow/pipelines/backend/src/agent/persistence/client/pipeline_client.go:185.119,193.4 2 0
github.com/kubeflow/pipelines/backend/src/agent/persistence/client/pipeline_client.go:195.3,195.18 1 0
github.com/kubeflow/pipelines/backend/src/agent/persistence/client/pipeline_client.go:198.2,198.22 1 0
github.com/kubeflow/pipelines/backend/src/agent/persistence/client/pipeline_client.go:202.120,211.16 6 0
github.com/kubeflow/pipelines/backend/src/agent/persistence/client/pipeline_client.go:211.16,213.119 2 0
github.com/kubeflow/pipelines/backend/src/agent/persistence/client/pipeline_client.go:213.119,221.4 2 0
github.com/kubeflow/pipelines/backend/src/agent/persistence/client/pipeline_client.go:224.3,225.61 1 0
github.com/kubeflow/pipelines/backend/src/agent/persistence/client/pipeline_client.go:227.2,227.22 1 0
github.com/kubeflow/pipelines/backend/src/agent/persistence/client/pipeline_client_fake.go:34.50,42.2 1 0
github.com/kubeflow/pipelines/backend/src/agent/persistence/client/pipeline_client_fake.go:44.80,45.18 1 0
github.com/kubeflow/pipelines/backend/src/agent/persistence/client/pipeline_client_fake.go:45.18,47.3 1 0
github.com/kubeflow/pipelines/backend/src/agent/persistence/client/pipeline_client_fake.go:48.2,49.12 2 0
github.com/kubeflow/pipelines/backend/src/agent/persistence/client/pipeline_client_fake.go:52.89,53.18 1 0
github.com/kubeflow/pipelines/backend/src/agent/persistence/client/pipeline_client_fake.go:53.18,55.3 1 0
github.com/kubeflow/pipelines/backend/src/agent/persistence/client/pipeline_client_fake.go:56.2,57.12 2 0
github.com/kubeflow/pipelines/backend/src/agent/persistence/client/pipeline_client_fake.go:60.112,61.18 1 0
github.com/kubeflow/pipelines/backend/src/agent/persistence/client/pipeline_client_fake.go:61.18,63.3 1 0
github.com/kubeflow/pipelines/backend/src/agent/persistence/client/pipeline_client_fake.go:64.2,65.43 2 0
github.com/kubeflow/pipelines/backend/src/agent/persistence/client/pipeline_client_fake.go:68.124,71.2 2 0
github.com/kubeflow/pipelines/backend/src/agent/persistence/client/pipeline_client_fake.go:73.50,75.2 1 0
github.com/kubeflow/pipelines/backend/src/agent/persistence/client/pipeline_client_fake.go:77.92,79.2 1 0
github.com/kubeflow/pipelines/backend/src/agent/persistence/client/pipeline_client_fake.go:81.106,83.2 1 0
github.com/kubeflow/pipelines/backend/src/agent/persistence/client/pipeline_client_fake.go:85.113,87.2 1 0
github.com/kubeflow/pipelines/backend/src/agent/persistence/client/pipeline_client_fake.go:89.80,91.2 1 0
github.com/kubeflow/pipelines/backend/src/agent/persistence/client/pipeline_client_fake.go:93.102,96.2 2 0
github.com/kubeflow/pipelines/backend/src/agent/persistence/client/pipeline_client_fake.go:98.87,100.2 1 0
github.com/kubeflow/pipelines/backend/src/agent/persistence/client/scheduled_workflow_client.go:34.102,38.2 1 0
github.com/kubeflow/pipelines/backend/src/agent/persistence/client/scheduled_workflow_client.go:41.139,43.2 1 0
github.com/kubeflow/pipelines/backend/src/agent/persistence/client/scheduled_workflow_client.go:46.59,48.2 1 0
github.com/kubeflow/pipelines/backend/src/agent/persistence/client/scheduled_workflow_client.go:52.42,54.16 2 0
github.com/kubeflow/pipelines/backend/src/agent/persistence/client/scheduled_workflow_client.go:54.16,56.27 2 0
github.com/kubeflow/pipelines/backend/src/agent/persistence/client/scheduled_workflow_client.go:56.27,58.4 1 0
github.com/kubeflow/pipelines/backend/src/agent/persistence/client/scheduled_workflow_client.go:58.9,60.4 1 0
github.com/kubeflow/pipelines/backend/src/agent/persistence/client/scheduled_workflow_client.go:61.3,62.91 1 0
github.com/kubeflow/pipelines/backend/src/agent/persistence/client/scheduled_workflow_client.go:66.2,66.54 1 0
github.com/kubeflow/pipelines/backend/src/agent/persistence/client/scheduled_workflow_client.go:66.54,69.3 2 0
github.com/kubeflow/pipelines/backend/src/agent/persistence/client/scheduled_workflow_client.go:71.2,71.49 1 0
github.com/kubeflow/pipelines/backend/src/agent/persistence/client/scheduled_workflow_client_fake.go:28.68,32.2 1 0
github.com/kubeflow/pipelines/backend/src/agent/persistence/client/scheduled_workflow_client_fake.go:35.42,37.9 2 0
github.com/kubeflow/pipelines/backend/src/agent/persistence/client/scheduled_workflow_client_fake.go:37.9,40.3 1 0
github.com/kubeflow/pipelines/backend/src/agent/persistence/client/scheduled_workflow_client_fake.go:41.2,41.21 1 0
github.com/kubeflow/pipelines/backend/src/agent/persistence/client/scheduled_workflow_client_fake.go:41.21,44.3 1 0
github.com/kubeflow/pipelines/backend/src/agent/persistence/client/scheduled_workflow_client_fake.go:45.2,45.22 1 0
github.com/kubeflow/pipelines/backend/src/agent/persistence/client/scheduled_workflow_client_fake.go:49.31,51.2 1 0
github.com/kubeflow/pipelines/backend/src/agent/persistence/client/token_refresher.go:31.68,33.2 1 0
github.com/kubeflow/pipelines/backend/src/agent/persistence/client/token_refresher.go:35.87,36.23 1 1
github.com/kubeflow/pipelines/backend/src/agent/persistence/client/token_refresher.go:36.23,38.3 1 0
github.com/kubeflow/pipelines/backend/src/agent/persistence/client/token_refresher.go:40.2,45.23 2 1
github.com/kubeflow/pipelines/backend/src/agent/persistence/client/token_refresher.go:48.59,50.16 2 1
github.com/kubeflow/pipelines/backend/src/agent/persistence/client/token_refresher.go:50.16,52.3 1 1
github.com/kubeflow/pipelines/backend/src/agent/persistence/client/token_refresher.go:54.2,55.12 2 1
github.com/kubeflow/pipelines/backend/src/agent/persistence/client/token_refresher.go:55.12,56.22 1 1
github.com/kubeflow/pipelines/backend/src/agent/persistence/client/token_refresher.go:56.22,58.4 1 1
github.com/kubeflow/pipelines/backend/src/agent/persistence/client/token_refresher.go:60.2,60.12 1 1
github.com/kubeflow/pipelines/backend/src/agent/persistence/client/token_refresher.go:63.45,67.2 3 1
github.com/kubeflow/pipelines/backend/src/agent/persistence/client/token_refresher.go:69.48,73.16 4 1
github.com/kubeflow/pipelines/backend/src/agent/persistence/client/token_refresher.go:73.16,76.3 2 1
github.com/kubeflow/pipelines/backend/src/agent/persistence/client/token_refresher.go:77.2,78.12 2 1
github.com/kubeflow/pipelines/backend/src/agent/persistence/client/workflow_client.go:33.73,37.2 1 0
github.com/kubeflow/pipelines/backend/src/agent/persistence/client/workflow_client.go:40.130,42.2 1 0
github.com/kubeflow/pipelines/backend/src/agent/persistence/client/workflow_client.go:45.50,47.2 1 0
github.com/kubeflow/pipelines/backend/src/agent/persistence/client/workflow_client.go:51.36,53.28 2 0
github.com/kubeflow/pipelines/backend/src/agent/persistence/client/workflow_client.go:53.28,55.15 2 0
github.com/kubeflow/pipelines/backend/src/agent/persistence/client/workflow_client.go:55.15,57.4 1 0
github.com/kubeflow/pipelines/backend/src/agent/persistence/client/workflow_client.go:57.9,59.4 1 0
github.com/kubeflow/pipelines/backend/src/agent/persistence/client/workflow_client.go:60.3,61.81 1 0
github.com/kubeflow/pipelines/backend/src/agent/persistence/client/workflow_client.go:63.2,63.22 1 0
github.com/kubeflow/pipelines/backend/src/agent/persistence/client/workflow_fake.go:28.50,32.2 1 0
github.com/kubeflow/pipelines/backend/src/agent/persistence/client/workflow_fake.go:35.29,37.9 2 0
github.com/kubeflow/pipelines/backend/src/agent/persistence/client/workflow_fake.go:37.9,40.3 1 0
github.com/kubeflow/pipelines/backend/src/agent/persistence/client/workflow_fake.go:41.2,41.21 1 0
github.com/kubeflow/pipelines/backend/src/agent/persistence/client/workflow_fake.go:41.21,44.3 1 0
github.com/kubeflow/pipelines/backend/src/agent/persistence/client/workflow_fake.go:45.2,45.22 1 0
github.com/kubeflow/pipelines/backend/src/agent/persistence/client/workflow_fake.go:48.88,50.2 1 0
github.com/kubeflow/pipelines/backend/src/agent/persistence/client/workflow_fake.go:52.51,54.2 1 0
